2012/03/11 11:08:19 [error] [exception.CHttpException.404] exception 'CHttpException' with message 'Unable to resolve the request "gi".' in /home/ztw/domains/lazy1.pl/public_html/framework/web/CWebApplication.php:280
Stack trace:
#0 /home/ztw/domains/lazy1.pl/public_html/framework/web/CWebApplication.php(135): CWebApplication->runController('gi')
#1 /home/ztw/domains/lazy1.pl/public_html/framework/base/CApplication.php(162): CWebApplication->processRequest()
#2 /home/ztw/domains/lazy1.pl/public_html/kino/index.php(13): CApplication->run()
#3 {main}
REQUEST_URI=/kino/index.php?r=gi
---
2012/03/21 12:59:55 [error] [php] Object of class CrudCode could not be converted to string (/home/ztw/domains/lazy1.pl/public_html/framework/gii/generators/crud/templates/default/index.php:9)
Stack trace:
#0 /home/ztw/domains/lazy1.pl/public_html/framework/gii/CCodeGenerator.php(161): CrudCode->prepare()
#1 /home/ztw/domains/lazy1.pl/public_html/framework/gii/CCodeGenerator.php(64): CrudGenerator->prepare()
#2 /home/ztw/domains/lazy1.pl/public_html/framework/web/actions/CInlineAction.php(50): CrudGenerator->actionIndex()
#3 /home/ztw/domains/lazy1.pl/public_html/framework/web/CController.php(309): CInlineAction->runWithParams()
#4 /home/ztw/domains/lazy1.pl/public_html/framework/web/CController.php(287): CrudGenerator->runAction()
#5 /home/ztw/domains/lazy1.pl/public_html/framework/web/CController.php(266): CrudGenerator->runActionWithFilters()
#6 /home/ztw/domains/lazy1.pl/public_html/framework/web/CWebApplication.php(276): CrudGenerator->run()
#7 /home/ztw/domains/lazy1.pl/public_html/framework/web/CWebApplication.php(135): CWebApplication->runController()
#8 /home/ztw/domains/lazy1.pl/public_html/framework/base/CApplication.php(162): CWebApplication->processRequest()
#9 /home/ztw/domains/lazy1.pl/public_html/kino/index.php(13): CWebApplication->run()
REQUEST_URI=/kino/index.php?r=gii/crud
in /home/ztw/domains/lazy1.pl/public_html/kino/index.php (13)
2012/03/21 13:01:03 [error] [php] Object of class CrudCode could not be converted to string (/home/ztw/domains/lazy1.pl/public_html/framework/gii/generators/crud/templates/default/view.php:10)
Stack trace:
#0 /home/ztw/domains/lazy1.pl/public_html/framework/gii/CCodeGenerator.php(161): CrudCode->prepare()
#1 /home/ztw/domains/lazy1.pl/public_html/framework/gii/CCodeGenerator.php(64): CrudGenerator->prepare()
#2 /home/ztw/domains/lazy1.pl/public_html/framework/web/actions/CInlineAction.php(50): CrudGenerator->actionIndex()
#3 /home/ztw/domains/lazy1.pl/public_html/framework/web/CController.php(309): CInlineAction->runWithParams()
#4 /home/ztw/domains/lazy1.pl/public_html/framework/web/CController.php(287): CrudGenerator->runAction()
#5 /home/ztw/domains/lazy1.pl/public_html/framework/web/CController.php(266): CrudGenerator->runActionWithFilters()
#6 /home/ztw/domains/lazy1.pl/public_html/framework/web/CWebApplication.php(276): CrudGenerator->run()
#7 /home/ztw/domains/lazy1.pl/public_html/framework/web/CWebApplication.php(135): CWebApplication->runController()
#8 /home/ztw/domains/lazy1.pl/public_html/framework/base/CApplication.php(162): CWebApplication->processRequest()
#9 /home/ztw/domains/lazy1.pl/public_html/kino/index.php(13): CWebApplication->run()
REQUEST_URI=/kino/index.php?r=gii/crud
in /home/ztw/domains/lazy1.pl/public_html/kino/index.php (13)
2012/03/21 13:07:09 [error] [exception.CHttpException.400] exception 'CHttpException' with message 'Your request is invalid.' in /home/ztw/domains/lazy1.pl/public_html/framework/web/CController.php:337
Stack trace:
#0 /home/ztw/domains/lazy1.pl/public_html/framework/web/CController.php(310): CController->invalidActionParams(Object(CInlineAction))
#1 /home/ztw/domains/lazy1.pl/public_html/framework/web/filters/CFilterChain.php(134): CController->runAction(Object(CInlineAction))
#2 /home/ztw/domains/lazy1.pl/public_html/framework/web/filters/CFilter.php(41): CFilterChain->run()
#3 /home/ztw/domains/lazy1.pl/public_html/framework/web/CController.php(1146): CFilter->filter(Object(CFilterChain))
#4 /home/ztw/domains/lazy1.pl/public_html/framework/web/filters/CInlineFilter.php(59): CController->filterAccessControl(Object(CFilterChain))
#5 /home/ztw/domains/lazy1.pl/public_html/framework/web/filters/CFilterChain.php(131): CInlineFilter->filter(Object(CFilterChain))
#6 /home/ztw/domains/lazy1.pl/public_html/framework/web/CController.php(292): CFilterChain->run()
#7 /home/ztw/domains/lazy1.pl/public_html/framework/web/CController.php(266): CController->runActionWithFilters(Object(CInlineAction), Array)
#8 /home/ztw/domains/lazy1.pl/public_html/framework/web/CWebApplication.php(276): CController->run('update')
#9 /home/ztw/domains/lazy1.pl/public_html/framework/web/CWebApplication.php(135): CWebApplication->runController('pracownik/updat...')
#10 /home/ztw/domains/lazy1.pl/public_html/framework/base/CApplication.php(162): CWebApplication->processRequest()
#11 /home/ztw/domains/lazy1.pl/public_html/kino/index.php(13): CApplication->run()
#12 {main}
REQUEST_URI=/kino/index.php?r=pracownik/update
---
2012/03/21 13:34:20 [error] [exception.CHttpException.400] exception 'CHttpException' with message 'Your request is invalid.' in /home/ztw/domains/lazy1.pl/public_html/framework/web/CController.php:337
Stack trace:
#0 /home/ztw/domains/lazy1.pl/public_html/framework/web/CController.php(310): CController->invalidActionParams(Object(CInlineAction))
#1 /home/ztw/domains/lazy1.pl/public_html/framework/web/filters/CFilterChain.php(134): CController->runAction(Object(CInlineAction))
#2 /home/ztw/domains/lazy1.pl/public_html/framework/web/filters/CFilter.php(41): CFilterChain->run()
#3 /home/ztw/domains/lazy1.pl/public_html/framework/web/CController.php(1146): CFilter->filter(Object(CFilterChain))
#4 /home/ztw/domains/lazy1.pl/public_html/framework/web/filters/CInlineFilter.php(59): CController->filterAccessControl(Object(CFilterChain))
#5 /home/ztw/domains/lazy1.pl/public_html/framework/web/filters/CFilterChain.php(131): CInlineFilter->filter(Object(CFilterChain))
#6 /home/ztw/domains/lazy1.pl/public_html/framework/web/CController.php(292): CFilterChain->run()
#7 /home/ztw/domains/lazy1.pl/public_html/framework/web/CController.php(266): CController->runActionWithFilters(Object(CInlineAction), Array)
#8 /home/ztw/domains/lazy1.pl/public_html/framework/web/CWebApplication.php(276): CController->run('view')
#9 /home/ztw/domains/lazy1.pl/public_html/framework/web/CWebApplication.php(135): CWebApplication->runController('pracownik/view')
#10 /home/ztw/domains/lazy1.pl/public_html/framework/base/CApplication.php(162): CWebApplication->processRequest()
#11 /home/ztw/domains/lazy1.pl/public_html/kino/index.php(13): CApplication->run()
#12 {main}
REQUEST_URI=/kino/?r=pracownik/view
---
2012/03/21 14:28:38 [error] [php] Cannot modify header information - headers already sent by (output started at /home/ztw/domains/lazy1.pl/public_html/kino/protected/controllers/PracownikController.php:1) (/home/ztw/domains/lazy1.pl/public_html/framework/web/CHttpRequest.php:716)
Stack trace:
#0 /home/ztw/domains/lazy1.pl/public_html/framework/web/auth/CAccessControlFilter.php(155): CWebUser->loginRequired()
#1 /home/ztw/domains/lazy1.pl/public_html/framework/web/auth/CAccessControlFilter.php(120): CAccessControlFilter->accessDenied()
#2 /home/ztw/domains/lazy1.pl/public_html/framework/web/filters/CFilter.php(39): CAccessControlFilter->preFilter()
#3 /home/ztw/domains/lazy1.pl/public_html/framework/web/CController.php(1146): CAccessControlFilter->filter()
#4 /home/ztw/domains/lazy1.pl/public_html/framework/web/filters/CInlineFilter.php(59): PracownikController->filterAccessControl()
#5 /home/ztw/domains/lazy1.pl/public_html/framework/web/filters/CFilterChain.php(131): CInlineFilter->filter()
#6 /home/ztw/domains/lazy1.pl/public_html/framework/web/CController.php(292): CFilterChain->run()
#7 /home/ztw/domains/lazy1.pl/public_html/framework/web/CController.php(266): PracownikController->runActionWithFilters()
#8 /home/ztw/domains/lazy1.pl/public_html/framework/web/CWebApplication.php(276): PracownikController->run()
#9 /home/ztw/domains/lazy1.pl/public_html/framework/web/CWebApplication.php(135): CWebApplication->runController()
#10 /home/ztw/domains/lazy1.pl/public_html/framework/base/CApplication.php(162): CWebApplication->processRequest()
#11 /home/ztw/domains/lazy1.pl/public_html/kino/index.php(13): CWebApplication->run()
REQUEST_URI=/kino/?r=pracownik/admin
in /home/ztw/domains/lazy1.pl/public_html/kino/index.php (13)
2012/03/21 14:28:45 [error] [php] Cannot modify header information - headers already sent by (output started at /home/ztw/domains/lazy1.pl/public_html/kino/protected/controllers/PracownikController.php:1) (/home/ztw/domains/lazy1.pl/public_html/framework/web/CHttpRequest.php:716)
Stack trace:
#0 /home/ztw/domains/lazy1.pl/public_html/framework/web/auth/CAccessControlFilter.php(155): CWebUser->loginRequired()
#1 /home/ztw/domains/lazy1.pl/public_html/framework/web/auth/CAccessControlFilter.php(120): CAccessControlFilter->accessDenied()
#2 /home/ztw/domains/lazy1.pl/public_html/framework/web/filters/CFilter.php(39): CAccessControlFilter->preFilter()
#3 /home/ztw/domains/lazy1.pl/public_html/framework/web/CController.php(1146): CAccessControlFilter->filter()
#4 /home/ztw/domains/lazy1.pl/public_html/framework/web/filters/CInlineFilter.php(59): PracownikController->filterAccessControl()
#5 /home/ztw/domains/lazy1.pl/public_html/framework/web/filters/CFilterChain.php(131): CInlineFilter->filter()
#6 /home/ztw/domains/lazy1.pl/public_html/framework/web/CController.php(292): CFilterChain->run()
#7 /home/ztw/domains/lazy1.pl/public_html/framework/web/CController.php(266): PracownikController->runActionWithFilters()
#8 /home/ztw/domains/lazy1.pl/public_html/framework/web/CWebApplication.php(276): PracownikController->run()
#9 /home/ztw/domains/lazy1.pl/public_html/framework/web/CWebApplication.php(135): CWebApplication->runController()
#10 /home/ztw/domains/lazy1.pl/public_html/framework/base/CApplication.php(162): CWebApplication->processRequest()
#11 /home/ztw/domains/lazy1.pl/public_html/kino/index.php(13): CWebApplication->run()
REQUEST_URI=/kino/index.php?r=pracownik/admin
in /home/ztw/domains/lazy1.pl/public_html/kino/index.php (13)
2012/03/21 14:29:11 [error] [php] Cannot modify header information - headers already sent by (output started at /home/ztw/domains/lazy1.pl/public_html/kino/protected/controllers/PracownikController.php:1) (/home/ztw/domains/lazy1.pl/public_html/framework/web/CHttpRequest.php:716)
Stack trace:
#0 /home/ztw/domains/lazy1.pl/public_html/framework/web/auth/CAccessControlFilter.php(155): CWebUser->loginRequired()
#1 /home/ztw/domains/lazy1.pl/public_html/framework/web/auth/CAccessControlFilter.php(120): CAccessControlFilter->accessDenied()
#2 /home/ztw/domains/lazy1.pl/public_html/framework/web/filters/CFilter.php(39): CAccessControlFilter->preFilter()
#3 /home/ztw/domains/lazy1.pl/public_html/framework/web/CController.php(1146): CAccessControlFilter->filter()
#4 /home/ztw/domains/lazy1.pl/public_html/framework/web/filters/CInlineFilter.php(59): PracownikController->filterAccessControl()
#5 /home/ztw/domains/lazy1.pl/public_html/framework/web/filters/CFilterChain.php(131): CInlineFilter->filter()
#6 /home/ztw/domains/lazy1.pl/public_html/framework/web/CController.php(292): CFilterChain->run()
#7 /home/ztw/domains/lazy1.pl/public_html/framework/web/CController.php(266): PracownikController->runActionWithFilters()
#8 /home/ztw/domains/lazy1.pl/public_html/framework/web/CWebApplication.php(276): PracownikController->run()
#9 /home/ztw/domains/lazy1.pl/public_html/framework/web/CWebApplication.php(135): CWebApplication->runController()
#10 /home/ztw/domains/lazy1.pl/public_html/framework/base/CApplication.php(162): CWebApplication->processRequest()
#11 /home/ztw/domains/lazy1.pl/public_html/kino/index.php(13): CWebApplication->run()
REQUEST_URI=/kino/index.php?r=pracownik/update&id=3
in /home/ztw/domains/lazy1.pl/public_html/kino/index.php (13)
2012/03/21 14:29:15 [error] [php] Cannot modify header information - headers already sent by (output started at /home/ztw/domains/lazy1.pl/public_html/kino/protected/controllers/PracownikController.php:1) (/home/ztw/domains/lazy1.pl/public_html/framework/web/CHttpRequest.php:716)
Stack trace:
#0 /home/ztw/domains/lazy1.pl/public_html/framework/web/auth/CAccessControlFilter.php(155): CWebUser->loginRequired()
#1 /home/ztw/domains/lazy1.pl/public_html/framework/web/auth/CAccessControlFilter.php(120): CAccessControlFilter->accessDenied()
#2 /home/ztw/domains/lazy1.pl/public_html/framework/web/filters/CFilter.php(39): CAccessControlFilter->preFilter()
#3 /home/ztw/domains/lazy1.pl/public_html/framework/web/CController.php(1146): CAccessControlFilter->filter()
#4 /home/ztw/domains/lazy1.pl/public_html/framework/web/filters/CInlineFilter.php(59): PracownikController->filterAccessControl()
#5 /home/ztw/domains/lazy1.pl/public_html/framework/web/filters/CFilterChain.php(131): CInlineFilter->filter()
#6 /home/ztw/domains/lazy1.pl/public_html/framework/web/CController.php(292): CFilterChain->run()
#7 /home/ztw/domains/lazy1.pl/public_html/framework/web/CController.php(266): PracownikController->runActionWithFilters()
#8 /home/ztw/domains/lazy1.pl/public_html/framework/web/CWebApplication.php(276): PracownikController->run()
#9 /home/ztw/domains/lazy1.pl/public_html/framework/web/CWebApplication.php(135): CWebApplication->runController()
#10 /home/ztw/domains/lazy1.pl/public_html/framework/base/CApplication.php(162): CWebApplication->processRequest()
#11 /home/ztw/domains/lazy1.pl/public_html/kino/index.php(13): CWebApplication->run()
REQUEST_URI=/kino/index.php?r=pracownik/create
in /home/ztw/domains/lazy1.pl/public_html/kino/index.php (13)
2012/03/21 14:33:22 [error] [php] Cannot modify header information - headers already sent by (output started at /home/ztw/domains/lazy1.pl/public_html/kino/protected/controllers/PracownikController.php:1) (/home/ztw/domains/lazy1.pl/public_html/framework/web/CHttpRequest.php:716)
Stack trace:
#0 /home/ztw/domains/lazy1.pl/public_html/framework/web/auth/CAccessControlFilter.php(155): CWebUser->loginRequired()
#1 /home/ztw/domains/lazy1.pl/public_html/framework/web/auth/CAccessControlFilter.php(120): CAccessControlFilter->accessDenied()
#2 /home/ztw/domains/lazy1.pl/public_html/framework/web/filters/CFilter.php(39): CAccessControlFilter->preFilter()
#3 /home/ztw/domains/lazy1.pl/public_html/framework/web/CController.php(1146): CAccessControlFilter->filter()
#4 /home/ztw/domains/lazy1.pl/public_html/framework/web/filters/CInlineFilter.php(59): PracownikController->filterAccessControl()
#5 /home/ztw/domains/lazy1.pl/public_html/framework/web/filters/CFilterChain.php(131): CInlineFilter->filter()
#6 /home/ztw/domains/lazy1.pl/public_html/framework/web/CController.php(292): CFilterChain->run()
#7 /home/ztw/domains/lazy1.pl/public_html/framework/web/CController.php(266): PracownikController->runActionWithFilters()
#8 /home/ztw/domains/lazy1.pl/public_html/framework/web/CWebApplication.php(276): PracownikController->run()
#9 /home/ztw/domains/lazy1.pl/public_html/framework/web/CWebApplication.php(135): CWebApplication->runController()
#10 /home/ztw/domains/lazy1.pl/public_html/framework/base/CApplication.php(162): CWebApplication->processRequest()
#11 /home/ztw/domains/lazy1.pl/public_html/kino/index.php(13): CWebApplication->run()
REQUEST_URI=/kino/index.php?r=pracownik/admin
in /home/ztw/domains/lazy1.pl/public_html/kino/index.php (13)
2012/03/21 14:33:43 [error] [php] Cannot modify header information - headers already sent by (output started at /home/ztw/domains/lazy1.pl/public_html/kino/protected/controllers/PracownikController.php:1) (/home/ztw/domains/lazy1.pl/public_html/framework/web/CHttpRequest.php:716)
Stack trace:
#0 /home/ztw/domains/lazy1.pl/public_html/framework/web/auth/CAccessControlFilter.php(155): CWebUser->loginRequired()
#1 /home/ztw/domains/lazy1.pl/public_html/framework/web/auth/CAccessControlFilter.php(120): CAccessControlFilter->accessDenied()
#2 /home/ztw/domains/lazy1.pl/public_html/framework/web/filters/CFilter.php(39): CAccessControlFilter->preFilter()
#3 /home/ztw/domains/lazy1.pl/public_html/framework/web/CController.php(1146): CAccessControlFilter->filter()
#4 /home/ztw/domains/lazy1.pl/public_html/framework/web/filters/CInlineFilter.php(59): PracownikController->filterAccessControl()
#5 /home/ztw/domains/lazy1.pl/public_html/framework/web/filters/CFilterChain.php(131): CInlineFilter->filter()
#6 /home/ztw/domains/lazy1.pl/public_html/framework/web/CController.php(292): CFilterChain->run()
#7 /home/ztw/domains/lazy1.pl/public_html/framework/web/CController.php(266): PracownikController->runActionWithFilters()
#8 /home/ztw/domains/lazy1.pl/public_html/framework/web/CWebApplication.php(276): PracownikController->run()
#9 /home/ztw/domains/lazy1.pl/public_html/framework/web/CWebApplication.php(135): CWebApplication->runController()
#10 /home/ztw/domains/lazy1.pl/public_html/framework/base/CApplication.php(162): CWebApplication->processRequest()
#11 /home/ztw/domains/lazy1.pl/public_html/kino/index.php(13): CWebApplication->run()
REQUEST_URI=/kino/index.php?r=pracownik/admin
in /home/ztw/domains/lazy1.pl/public_html/kino/index.php (13)
2012/03/21 14:33:44 [error] [php] Cannot modify header information - headers already sent by (output started at /home/ztw/domains/lazy1.pl/public_html/kino/protected/controllers/PracownikController.php:1) (/home/ztw/domains/lazy1.pl/public_html/framework/web/CHttpRequest.php:716)
Stack trace:
#0 /home/ztw/domains/lazy1.pl/public_html/framework/web/auth/CAccessControlFilter.php(155): CWebUser->loginRequired()
#1 /home/ztw/domains/lazy1.pl/public_html/framework/web/auth/CAccessControlFilter.php(120): CAccessControlFilter->accessDenied()
#2 /home/ztw/domains/lazy1.pl/public_html/framework/web/filters/CFilter.php(39): CAccessControlFilter->preFilter()
#3 /home/ztw/domains/lazy1.pl/public_html/framework/web/CController.php(1146): CAccessControlFilter->filter()
#4 /home/ztw/domains/lazy1.pl/public_html/framework/web/filters/CInlineFilter.php(59): PracownikController->filterAccessControl()
#5 /home/ztw/domains/lazy1.pl/public_html/framework/web/filters/CFilterChain.php(131): CInlineFilter->filter()
#6 /home/ztw/domains/lazy1.pl/public_html/framework/web/CController.php(292): CFilterChain->run()
#7 /home/ztw/domains/lazy1.pl/public_html/framework/web/CController.php(266): PracownikController->runActionWithFilters()
#8 /home/ztw/domains/lazy1.pl/public_html/framework/web/CWebApplication.php(276): PracownikController->run()
#9 /home/ztw/domains/lazy1.pl/public_html/framework/web/CWebApplication.php(135): CWebApplication->runController()
#10 /home/ztw/domains/lazy1.pl/public_html/framework/base/CApplication.php(162): CWebApplication->processRequest()
#11 /home/ztw/domains/lazy1.pl/public_html/kino/index.php(13): CWebApplication->run()
REQUEST_URI=/kino/index.php?r=pracownik/admin
in /home/ztw/domains/lazy1.pl/public_html/kino/index.php (13)
2012/03/21 14:34:48 [error] [php] Cannot modify header information - headers already sent by (output started at /home/ztw/domains/lazy1.pl/public_html/kino/protected/controllers/PracownikController.php:1) (/home/ztw/domains/lazy1.pl/public_html/framework/web/CHttpRequest.php:716)
Stack trace:
#0 /home/ztw/domains/lazy1.pl/public_html/framework/web/auth/CAccessControlFilter.php(155): CWebUser->loginRequired()
#1 /home/ztw/domains/lazy1.pl/public_html/framework/web/auth/CAccessControlFilter.php(120): CAccessControlFilter->accessDenied()
#2 /home/ztw/domains/lazy1.pl/public_html/framework/web/filters/CFilter.php(39): CAccessControlFilter->preFilter()
#3 /home/ztw/domains/lazy1.pl/public_html/framework/web/CController.php(1146): CAccessControlFilter->filter()
#4 /home/ztw/domains/lazy1.pl/public_html/framework/web/filters/CInlineFilter.php(59): PracownikController->filterAccessControl()
#5 /home/ztw/domains/lazy1.pl/public_html/framework/web/filters/CFilterChain.php(131): CInlineFilter->filter()
#6 /home/ztw/domains/lazy1.pl/public_html/framework/web/CController.php(292): CFilterChain->run()
#7 /home/ztw/domains/lazy1.pl/public_html/framework/web/CController.php(266): PracownikController->runActionWithFilters()
#8 /home/ztw/domains/lazy1.pl/public_html/framework/web/CWebApplication.php(276): PracownikController->run()
#9 /home/ztw/domains/lazy1.pl/public_html/framework/web/CWebApplication.php(135): CWebApplication->runController()
#10 /home/ztw/domains/lazy1.pl/public_html/framework/base/CApplication.php(162): CWebApplication->processRequest()
#11 /home/ztw/domains/lazy1.pl/public_html/kino/index.php(13): CWebApplication->run()
REQUEST_URI=/kino/index.php?r=pracownik/admin
in /home/ztw/domains/lazy1.pl/public_html/kino/index.php (13)
2012/03/21 14:35:00 [error] [php] Cannot modify header information - headers already sent by (output started at /home/ztw/domains/lazy1.pl/public_html/kino/protected/controllers/PracownikController.php:1) (/home/ztw/domains/lazy1.pl/public_html/framework/web/CHttpRequest.php:716)
Stack trace:
#0 /home/ztw/domains/lazy1.pl/public_html/framework/web/auth/CAccessControlFilter.php(155): CWebUser->loginRequired()
#1 /home/ztw/domains/lazy1.pl/public_html/framework/web/auth/CAccessControlFilter.php(120): CAccessControlFilter->accessDenied()
#2 /home/ztw/domains/lazy1.pl/public_html/framework/web/filters/CFilter.php(39): CAccessControlFilter->preFilter()
#3 /home/ztw/domains/lazy1.pl/public_html/framework/web/CController.php(1146): CAccessControlFilter->filter()
#4 /home/ztw/domains/lazy1.pl/public_html/framework/web/filters/CInlineFilter.php(59): PracownikController->filterAccessControl()
#5 /home/ztw/domains/lazy1.pl/public_html/framework/web/filters/CFilterChain.php(131): CInlineFilter->filter()
#6 /home/ztw/domains/lazy1.pl/public_html/framework/web/CController.php(292): CFilterChain->run()
#7 /home/ztw/domains/lazy1.pl/public_html/framework/web/CController.php(266): PracownikController->runActionWithFilters()
#8 /home/ztw/domains/lazy1.pl/public_html/framework/web/CWebApplication.php(276): PracownikController->run()
#9 /home/ztw/domains/lazy1.pl/public_html/framework/web/CWebApplication.php(135): CWebApplication->runController()
#10 /home/ztw/domains/lazy1.pl/public_html/framework/base/CApplication.php(162): CWebApplication->processRequest()
#11 /home/ztw/domains/lazy1.pl/public_html/kino/index.php(13): CWebApplication->run()
REQUEST_URI=/kino/index.php?r=pracownik/admin
in /home/ztw/domains/lazy1.pl/public_html/kino/index.php (13)
2012/03/21 14:35:24 [error] [php] Cannot modify header information - headers already sent by (output started at /home/ztw/domains/lazy1.pl/public_html/kino/protected/controllers/PracownikController.php:1) (/home/ztw/domains/lazy1.pl/public_html/framework/web/CHttpRequest.php:716)
Stack trace:
#0 /home/ztw/domains/lazy1.pl/public_html/framework/web/auth/CAccessControlFilter.php(155): CWebUser->loginRequired()
#1 /home/ztw/domains/lazy1.pl/public_html/framework/web/auth/CAccessControlFilter.php(120): CAccessControlFilter->accessDenied()
#2 /home/ztw/domains/lazy1.pl/public_html/framework/web/filters/CFilter.php(39): CAccessControlFilter->preFilter()
#3 /home/ztw/domains/lazy1.pl/public_html/framework/web/CController.php(1146): CAccessControlFilter->filter()
#4 /home/ztw/domains/lazy1.pl/public_html/framework/web/filters/CInlineFilter.php(59): PracownikController->filterAccessControl()
#5 /home/ztw/domains/lazy1.pl/public_html/framework/web/filters/CFilterChain.php(131): CInlineFilter->filter()
#6 /home/ztw/domains/lazy1.pl/public_html/framework/web/CController.php(292): CFilterChain->run()
#7 /home/ztw/domains/lazy1.pl/public_html/framework/web/CController.php(266): PracownikController->runActionWithFilters()
#8 /home/ztw/domains/lazy1.pl/public_html/framework/web/CWebApplication.php(276): PracownikController->run()
#9 /home/ztw/domains/lazy1.pl/public_html/framework/web/CWebApplication.php(135): CWebApplication->runController()
#10 /home/ztw/domains/lazy1.pl/public_html/framework/base/CApplication.php(162): CWebApplication->processRequest()
#11 /home/ztw/domains/lazy1.pl/public_html/kino/index.php(13): CWebApplication->run()
REQUEST_URI=/kino/index.php?r=pracownik/admin
in /home/ztw/domains/lazy1.pl/public_html/kino/index.php (13)
2012/03/21 14:36:21 [error] [php] Cannot modify header information - headers already sent by (output started at /home/ztw/domains/lazy1.pl/public_html/kino/protected/controllers/PracownikController.php:1) (/home/ztw/domains/lazy1.pl/public_html/framework/web/CHttpRequest.php:716)
Stack trace:
#0 /home/ztw/domains/lazy1.pl/public_html/framework/web/auth/CAccessControlFilter.php(155): CWebUser->loginRequired()
#1 /home/ztw/domains/lazy1.pl/public_html/framework/web/auth/CAccessControlFilter.php(120): CAccessControlFilter->accessDenied()
#2 /home/ztw/domains/lazy1.pl/public_html/framework/web/filters/CFilter.php(39): CAccessControlFilter->preFilter()
#3 /home/ztw/domains/lazy1.pl/public_html/framework/web/CController.php(1146): CAccessControlFilter->filter()
#4 /home/ztw/domains/lazy1.pl/public_html/framework/web/filters/CInlineFilter.php(59): PracownikController->filterAccessControl()
#5 /home/ztw/domains/lazy1.pl/public_html/framework/web/filters/CFilterChain.php(131): CInlineFilter->filter()
#6 /home/ztw/domains/lazy1.pl/public_html/framework/web/CController.php(292): CFilterChain->run()
#7 /home/ztw/domains/lazy1.pl/public_html/framework/web/CController.php(266): PracownikController->runActionWithFilters()
#8 /home/ztw/domains/lazy1.pl/public_html/framework/web/CWebApplication.php(276): PracownikController->run()
#9 /home/ztw/domains/lazy1.pl/public_html/framework/web/CWebApplication.php(135): CWebApplication->runController()
#10 /home/ztw/domains/lazy1.pl/public_html/framework/base/CApplication.php(162): CWebApplication->processRequest()
#11 /home/ztw/domains/lazy1.pl/public_html/kino/index.php(13): CWebApplication->run()
REQUEST_URI=/kino/index.php?r=pracownik/admin
in /home/ztw/domains/lazy1.pl/public_html/kino/index.php (13)
2012/03/21 14:36:44 [error] [exception.CHttpException.404] exception 'CHttpException' with message 'The system is unable to find the requested action "login".' in /home/ztw/domains/lazy1.pl/public_html/framework/web/CController.php:484
Stack trace:
#0 /home/ztw/domains/lazy1.pl/public_html/framework/web/CController.php(271): CController->missingAction('login')
#1 /home/ztw/domains/lazy1.pl/public_html/framework/web/CWebApplication.php(276): CController->run('login')
#2 /home/ztw/domains/lazy1.pl/public_html/framework/web/CWebApplication.php(135): CWebApplication->runController('pracownik/login')
#3 /home/ztw/domains/lazy1.pl/public_html/framework/base/CApplication.php(162): CWebApplication->processRequest()
#4 /home/ztw/domains/lazy1.pl/public_html/kino/index.php(13): CApplication->run()
#5 {main}
REQUEST_URI=/kino/index.php?r=pracownik/login
---
2012/03/21 14:36:53 [error] [exception.CHttpException.404] exception 'CHttpException' with message 'Unable to resolve the request "login".' in /home/ztw/domains/lazy1.pl/public_html/framework/web/CWebApplication.php:280
Stack trace:
#0 /home/ztw/domains/lazy1.pl/public_html/framework/web/CWebApplication.php(135): CWebApplication->runController('login')
#1 /home/ztw/domains/lazy1.pl/public_html/framework/base/CApplication.php(162): CWebApplication->processRequest()
#2 /home/ztw/domains/lazy1.pl/public_html/kino/index.php(13): CApplication->run()
#3 {main}
REQUEST_URI=/kino/index.php?r=login
---
2012/03/21 14:39:57 [error] [php] Cannot modify header information - headers already sent by (output started at /home/ztw/domains/lazy1.pl/public_html/kino/protected/controllers/PracownikController.php:1) (/home/ztw/domains/lazy1.pl/public_html/framework/web/CHttpRequest.php:716)
Stack trace:
#0 /home/ztw/domains/lazy1.pl/public_html/framework/web/auth/CAccessControlFilter.php(155): CWebUser->loginRequired()
#1 /home/ztw/domains/lazy1.pl/public_html/framework/web/auth/CAccessControlFilter.php(120): CAccessControlFilter->accessDenied()
#2 /home/ztw/domains/lazy1.pl/public_html/framework/web/filters/CFilter.php(39): CAccessControlFilter->preFilter()
#3 /home/ztw/domains/lazy1.pl/public_html/framework/web/CController.php(1146): CAccessControlFilter->filter()
#4 /home/ztw/domains/lazy1.pl/public_html/framework/web/filters/CInlineFilter.php(59): PracownikController->filterAccessControl()
#5 /home/ztw/domains/lazy1.pl/public_html/framework/web/filters/CFilterChain.php(131): CInlineFilter->filter()
#6 /home/ztw/domains/lazy1.pl/public_html/framework/web/CController.php(292): CFilterChain->run()
#7 /home/ztw/domains/lazy1.pl/public_html/framework/web/CController.php(266): PracownikController->runActionWithFilters()
#8 /home/ztw/domains/lazy1.pl/public_html/framework/web/CWebApplication.php(276): PracownikController->run()
#9 /home/ztw/domains/lazy1.pl/public_html/framework/web/CWebApplication.php(135): CWebApplication->runController()
#10 /home/ztw/domains/lazy1.pl/public_html/framework/base/CApplication.php(162): CWebApplication->processRequest()
#11 /home/ztw/domains/lazy1.pl/public_html/kino/index.php(13): CWebApplication->run()
REQUEST_URI=/kino/index.php?r=pracownik/admin
in /home/ztw/domains/lazy1.pl/public_html/kino/index.php (13)
2012/03/21 14:41:46 [error] [php] Cannot modify header information - headers already sent by (output started at /home/ztw/domains/lazy1.pl/public_html/kino/protected/controllers/PracownikController.php:1) (/home/ztw/domains/lazy1.pl/public_html/framework/web/CHttpRequest.php:716)
Stack trace:
#0 /home/ztw/domains/lazy1.pl/public_html/framework/web/auth/CAccessControlFilter.php(155): CWebUser->loginRequired()
#1 /home/ztw/domains/lazy1.pl/public_html/framework/web/auth/CAccessControlFilter.php(120): CAccessControlFilter->accessDenied()
#2 /home/ztw/domains/lazy1.pl/public_html/framework/web/filters/CFilter.php(39): CAccessControlFilter->preFilter()
#3 /home/ztw/domains/lazy1.pl/public_html/framework/web/CController.php(1146): CAccessControlFilter->filter()
#4 /home/ztw/domains/lazy1.pl/public_html/framework/web/filters/CInlineFilter.php(59): PracownikController->filterAccessControl()
#5 /home/ztw/domains/lazy1.pl/public_html/framework/web/filters/CFilterChain.php(131): CInlineFilter->filter()
#6 /home/ztw/domains/lazy1.pl/public_html/framework/web/CController.php(292): CFilterChain->run()
#7 /home/ztw/domains/lazy1.pl/public_html/framework/web/CController.php(266): PracownikController->runActionWithFilters()
#8 /home/ztw/domains/lazy1.pl/public_html/framework/web/CWebApplication.php(276): PracownikController->run()
#9 /home/ztw/domains/lazy1.pl/public_html/framework/web/CWebApplication.php(135): CWebApplication->runController()
#10 /home/ztw/domains/lazy1.pl/public_html/framework/base/CApplication.php(162): CWebApplication->processRequest()
#11 /home/ztw/domains/lazy1.pl/public_html/kino/index.php(13): CWebApplication->run()
REQUEST_URI=/kino/index.php?r=pracownik/admin
in /home/ztw/domains/lazy1.pl/public_html/kino/index.php (13)
2012/03/21 14:42:53 [error] [php] Cannot modify header information - headers already sent by (output started at /home/ztw/domains/lazy1.pl/public_html/kino/protected/controllers/PracownikController.php:1) (/home/ztw/domains/lazy1.pl/public_html/framework/web/CHttpRequest.php:716)
Stack trace:
#0 /home/ztw/domains/lazy1.pl/public_html/framework/web/auth/CAccessControlFilter.php(155): CWebUser->loginRequired()
#1 /home/ztw/domains/lazy1.pl/public_html/framework/web/auth/CAccessControlFilter.php(120): CAccessControlFilter->accessDenied()
#2 /home/ztw/domains/lazy1.pl/public_html/framework/web/filters/CFilter.php(39): CAccessControlFilter->preFilter()
#3 /home/ztw/domains/lazy1.pl/public_html/framework/web/CController.php(1146): CAccessControlFilter->filter()
#4 /home/ztw/domains/lazy1.pl/public_html/framework/web/filters/CInlineFilter.php(59): PracownikController->filterAccessControl()
#5 /home/ztw/domains/lazy1.pl/public_html/framework/web/filters/CFilterChain.php(131): CInlineFilter->filter()
#6 /home/ztw/domains/lazy1.pl/public_html/framework/web/CController.php(292): CFilterChain->run()
#7 /home/ztw/domains/lazy1.pl/public_html/framework/web/CController.php(266): PracownikController->runActionWithFilters()
#8 /home/ztw/domains/lazy1.pl/public_html/framework/web/CWebApplication.php(276): PracownikController->run()
#9 /home/ztw/domains/lazy1.pl/public_html/framework/web/CWebApplication.php(135): CWebApplication->runController()
#10 /home/ztw/domains/lazy1.pl/public_html/framework/base/CApplication.php(162): CWebApplication->processRequest()
#11 /home/ztw/domains/lazy1.pl/public_html/kino/index.php(13): CWebApplication->run()
REQUEST_URI=/kino/index.php?r=pracownik/admin
in /home/ztw/domains/lazy1.pl/public_html/kino/index.php (13)
2012/03/21 14:42:54 [error] [php] Cannot modify header information - headers already sent by (output started at /home/ztw/domains/lazy1.pl/public_html/kino/protected/controllers/PracownikController.php:1) (/home/ztw/domains/lazy1.pl/public_html/framework/web/CHttpRequest.php:716)
Stack trace:
#0 /home/ztw/domains/lazy1.pl/public_html/framework/web/auth/CAccessControlFilter.php(155): CWebUser->loginRequired()
#1 /home/ztw/domains/lazy1.pl/public_html/framework/web/auth/CAccessControlFilter.php(120): CAccessControlFilter->accessDenied()
#2 /home/ztw/domains/lazy1.pl/public_html/framework/web/filters/CFilter.php(39): CAccessControlFilter->preFilter()
#3 /home/ztw/domains/lazy1.pl/public_html/framework/web/CController.php(1146): CAccessControlFilter->filter()
#4 /home/ztw/domains/lazy1.pl/public_html/framework/web/filters/CInlineFilter.php(59): PracownikController->filterAccessControl()
#5 /home/ztw/domains/lazy1.pl/public_html/framework/web/filters/CFilterChain.php(131): CInlineFilter->filter()
#6 /home/ztw/domains/lazy1.pl/public_html/framework/web/CController.php(292): CFilterChain->run()
#7 /home/ztw/domains/lazy1.pl/public_html/framework/web/CController.php(266): PracownikController->runActionWithFilters()
#8 /home/ztw/domains/lazy1.pl/public_html/framework/web/CWebApplication.php(276): PracownikController->run()
#9 /home/ztw/domains/lazy1.pl/public_html/framework/web/CWebApplication.php(135): CWebApplication->runController()
#10 /home/ztw/domains/lazy1.pl/public_html/framework/base/CApplication.php(162): CWebApplication->processRequest()
#11 /home/ztw/domains/lazy1.pl/public_html/kino/index.php(13): CWebApplication->run()
REQUEST_URI=/kino/index.php?r=pracownik/admin
in /home/ztw/domains/lazy1.pl/public_html/kino/index.php (13)
2012/03/21 14:43:32 [error] [php] Cannot modify header information - headers already sent by (output started at /home/ztw/domains/lazy1.pl/public_html/kino/protected/controllers/PracownikController.php:1) (/home/ztw/domains/lazy1.pl/public_html/framework/web/CHttpRequest.php:716)
Stack trace:
#0 /home/ztw/domains/lazy1.pl/public_html/framework/web/auth/CAccessControlFilter.php(155): CWebUser->loginRequired()
#1 /home/ztw/domains/lazy1.pl/public_html/framework/web/auth/CAccessControlFilter.php(120): CAccessControlFilter->accessDenied()
#2 /home/ztw/domains/lazy1.pl/public_html/framework/web/filters/CFilter.php(39): CAccessControlFilter->preFilter()
#3 /home/ztw/domains/lazy1.pl/public_html/framework/web/CController.php(1146): CAccessControlFilter->filter()
#4 /home/ztw/domains/lazy1.pl/public_html/framework/web/filters/CInlineFilter.php(59): PracownikController->filterAccessControl()
#5 /home/ztw/domains/lazy1.pl/public_html/framework/web/filters/CFilterChain.php(131): CInlineFilter->filter()
#6 /home/ztw/domains/lazy1.pl/public_html/framework/web/CController.php(292): CFilterChain->run()
#7 /home/ztw/domains/lazy1.pl/public_html/framework/web/CController.php(266): PracownikController->runActionWithFilters()
#8 /home/ztw/domains/lazy1.pl/public_html/framework/web/CWebApplication.php(276): PracownikController->run()
#9 /home/ztw/domains/lazy1.pl/public_html/framework/web/CWebApplication.php(135): CWebApplication->runController()
#10 /home/ztw/domains/lazy1.pl/public_html/framework/base/CApplication.php(162): CWebApplication->processRequest()
#11 /home/ztw/domains/lazy1.pl/public_html/kino/index.php(13): CWebApplication->run()
REQUEST_URI=/kino/index.php?r=pracownik/admin
2012/03/21 14:43:34 [error] [php] Cannot modify header information - headers already sent by (output started at /home/ztw/domains/lazy1.pl/public_html/kino/protected/controllers/PracownikController.php:1) (/home/ztw/domains/lazy1.pl/public_html/framework/web/CHttpRequest.php:716)
Stack trace:
#0 /home/ztw/domains/lazy1.pl/public_html/framework/web/auth/CAccessControlFilter.php(155): CWebUser->loginRequired()
#1 /home/ztw/domains/lazy1.pl/public_html/framework/web/auth/CAccessControlFilter.php(120): CAccessControlFilter->accessDenied()
#2 /home/ztw/domains/lazy1.pl/public_html/framework/web/filters/CFilter.php(39): CAccessControlFilter->preFilter()
#3 /home/ztw/domains/lazy1.pl/public_html/framework/web/CController.php(1146): CAccessControlFilter->filter()
#4 /home/ztw/domains/lazy1.pl/public_html/framework/web/filters/CInlineFilter.php(59): PracownikController->filterAccessControl()
#5 /home/ztw/domains/lazy1.pl/public_html/framework/web/filters/CFilterChain.php(131): CInlineFilter->filter()
#6 /home/ztw/domains/lazy1.pl/public_html/framework/web/CController.php(292): CFilterChain->run()
#7 /home/ztw/domains/lazy1.pl/public_html/framework/web/CController.php(266): PracownikController->runActionWithFilters()
#8 /home/ztw/domains/lazy1.pl/public_html/framework/web/CWebApplication.php(276): PracownikController->run()
#9 /home/ztw/domains/lazy1.pl/public_html/framework/web/CWebApplication.php(135): CWebApplication->runController()
#10 /home/ztw/domains/lazy1.pl/public_html/framework/base/CApplication.php(162): CWebApplication->processRequest()
#11 /home/ztw/domains/lazy1.pl/public_html/kino/index.php(13): CWebApplication->run()
REQUEST_URI=/kino/index.php?r=pracownik/admin
2012/03/21 14:44:35 [error] [php] Cannot modify header information - headers already sent by (output started at /home/ztw/domains/lazy1.pl/public_html/kino/protected/controllers/WidzController.php:1) (/home/ztw/domains/lazy1.pl/public_html/framework/web/CHttpRequest.php:716)
Stack trace:
#0 /home/ztw/domains/lazy1.pl/public_html/framework/web/auth/CAccessControlFilter.php(155): CWebUser->loginRequired()
#1 /home/ztw/domains/lazy1.pl/public_html/framework/web/auth/CAccessControlFilter.php(120): CAccessControlFilter->accessDenied()
#2 /home/ztw/domains/lazy1.pl/public_html/framework/web/filters/CFilter.php(39): CAccessControlFilter->preFilter()
#3 /home/ztw/domains/lazy1.pl/public_html/framework/web/CController.php(1146): CAccessControlFilter->filter()
#4 /home/ztw/domains/lazy1.pl/public_html/framework/web/filters/CInlineFilter.php(59): WidzController->filterAccessControl()
#5 /home/ztw/domains/lazy1.pl/public_html/framework/web/filters/CFilterChain.php(131): CInlineFilter->filter()
#6 /home/ztw/domains/lazy1.pl/public_html/framework/web/CController.php(292): CFilterChain->run()
#7 /home/ztw/domains/lazy1.pl/public_html/framework/web/CController.php(266): WidzController->runActionWithFilters()
#8 /home/ztw/domains/lazy1.pl/public_html/framework/web/CWebApplication.php(276): WidzController->run()
#9 /home/ztw/domains/lazy1.pl/public_html/framework/web/CWebApplication.php(135): CWebApplication->runController()
#10 /home/ztw/domains/lazy1.pl/public_html/framework/base/CApplication.php(162): CWebApplication->processRequest()
#11 /home/ztw/domains/lazy1.pl/public_html/kino/index.php(13): CWebApplication->run()
REQUEST_URI=/kino/index.php?r=widz/admin
in /home/ztw/domains/lazy1.pl/public_html/kino/index.php (13)
2012/03/21 14:44:36 [error] [php] Cannot modify header information - headers already sent by (output started at /home/ztw/domains/lazy1.pl/public_html/kino/protected/controllers/WidzController.php:1) (/home/ztw/domains/lazy1.pl/public_html/framework/web/CHttpRequest.php:716)
Stack trace:
#0 /home/ztw/domains/lazy1.pl/public_html/framework/web/auth/CAccessControlFilter.php(155): CWebUser->loginRequired()
#1 /home/ztw/domains/lazy1.pl/public_html/framework/web/auth/CAccessControlFilter.php(120): CAccessControlFilter->accessDenied()
#2 /home/ztw/domains/lazy1.pl/public_html/framework/web/filters/CFilter.php(39): CAccessControlFilter->preFilter()
#3 /home/ztw/domains/lazy1.pl/public_html/framework/web/CController.php(1146): CAccessControlFilter->filter()
#4 /home/ztw/domains/lazy1.pl/public_html/framework/web/filters/CInlineFilter.php(59): WidzController->filterAccessControl()
#5 /home/ztw/domains/lazy1.pl/public_html/framework/web/filters/CFilterChain.php(131): CInlineFilter->filter()
#6 /home/ztw/domains/lazy1.pl/public_html/framework/web/CController.php(292): CFilterChain->run()
#7 /home/ztw/domains/lazy1.pl/public_html/framework/web/CController.php(266): WidzController->runActionWithFilters()
#8 /home/ztw/domains/lazy1.pl/public_html/framework/web/CWebApplication.php(276): WidzController->run()
#9 /home/ztw/domains/lazy1.pl/public_html/framework/web/CWebApplication.php(135): CWebApplication->runController()
#10 /home/ztw/domains/lazy1.pl/public_html/framework/base/CApplication.php(162): CWebApplication->processRequest()
#11 /home/ztw/domains/lazy1.pl/public_html/kino/index.php(13): CWebApplication->run()
REQUEST_URI=/kino/index.php?r=widz/admin
in /home/ztw/domains/lazy1.pl/public_html/kino/index.php (13)
2012/03/21 14:46:50 [error] [php] Cannot modify header information - headers already sent by (output started at /home/ztw/domains/lazy1.pl/public_html/kino/protected/controllers/WidzController.php:1) (/home/ztw/domains/lazy1.pl/public_html/framework/web/CHttpRequest.php:716)
Stack trace:
#0 /home/ztw/domains/lazy1.pl/public_html/framework/web/auth/CAccessControlFilter.php(155): CWebUser->loginRequired()
#1 /home/ztw/domains/lazy1.pl/public_html/framework/web/auth/CAccessControlFilter.php(120): CAccessControlFilter->accessDenied()
#2 /home/ztw/domains/lazy1.pl/public_html/framework/web/filters/CFilter.php(39): CAccessControlFilter->preFilter()
#3 /home/ztw/domains/lazy1.pl/public_html/framework/web/CController.php(1146): CAccessControlFilter->filter()
#4 /home/ztw/domains/lazy1.pl/public_html/framework/web/filters/CInlineFilter.php(59): WidzController->filterAccessControl()
#5 /home/ztw/domains/lazy1.pl/public_html/framework/web/filters/CFilterChain.php(131): CInlineFilter->filter()
#6 /home/ztw/domains/lazy1.pl/public_html/framework/web/CController.php(292): CFilterChain->run()
#7 /home/ztw/domains/lazy1.pl/public_html/framework/web/CController.php(266): WidzController->runActionWithFilters()
#8 /home/ztw/domains/lazy1.pl/public_html/framework/web/CWebApplication.php(276): WidzController->run()
#9 /home/ztw/domains/lazy1.pl/public_html/framework/web/CWebApplication.php(135): CWebApplication->runController()
#10 /home/ztw/domains/lazy1.pl/public_html/framework/base/CApplication.php(162): CWebApplication->processRequest()
#11 /home/ztw/domains/lazy1.pl/public_html/kino/index.php(13): CWebApplication->run()
REQUEST_URI=/kino/index.php?r=widz/admin
in /home/ztw/domains/lazy1.pl/public_html/kino/index.php (13)
2012/03/21 14:49:30 [error] [php] Cannot modify header information - headers already sent by (output started at /home/ztw/domains/lazy1.pl/public_html/kino/protected/controllers/PracownikController.php:1) (/home/ztw/domains/lazy1.pl/public_html/framework/web/CHttpRequest.php:716)
Stack trace:
#0 /home/ztw/domains/lazy1.pl/public_html/framework/web/auth/CAccessControlFilter.php(155): CWebUser->loginRequired()
#1 /home/ztw/domains/lazy1.pl/public_html/framework/web/auth/CAccessControlFilter.php(120): CAccessControlFilter->accessDenied()
#2 /home/ztw/domains/lazy1.pl/public_html/framework/web/filters/CFilter.php(39): CAccessControlFilter->preFilter()
#3 /home/ztw/domains/lazy1.pl/public_html/framework/web/CController.php(1146): CAccessControlFilter->filter()
#4 /home/ztw/domains/lazy1.pl/public_html/framework/web/filters/CInlineFilter.php(59): PracownikController->filterAccessControl()
#5 /home/ztw/domains/lazy1.pl/public_html/framework/web/filters/CFilterChain.php(131): CInlineFilter->filter()
#6 /home/ztw/domains/lazy1.pl/public_html/framework/web/CController.php(292): CFilterChain->run()
#7 /home/ztw/domains/lazy1.pl/public_html/framework/web/CController.php(266): PracownikController->runActionWithFilters()
#8 /home/ztw/domains/lazy1.pl/public_html/framework/web/CWebApplication.php(276): PracownikController->run()
#9 /home/ztw/domains/lazy1.pl/public_html/framework/web/CWebApplication.php(135): CWebApplication->runController()
#10 /home/ztw/domains/lazy1.pl/public_html/framework/base/CApplication.php(162): CWebApplication->processRequest()
#11 /home/ztw/domains/lazy1.pl/public_html/kino/index.php(13): CWebApplication->run()
REQUEST_URI=/kino/index.php?r=pracownik/admin
in /home/ztw/domains/lazy1.pl/public_html/kino/index.php (13)
2012/03/21 14:49:41 [error] [php] Cannot modify header information - headers already sent by (output started at /home/ztw/domains/lazy1.pl/public_html/kino/protected/controllers/PracownikController.php:1) (/home/ztw/domains/lazy1.pl/public_html/framework/web/CHttpRequest.php:716)
Stack trace:
#0 /home/ztw/domains/lazy1.pl/public_html/framework/web/auth/CAccessControlFilter.php(155): CWebUser->loginRequired()
#1 /home/ztw/domains/lazy1.pl/public_html/framework/web/auth/CAccessControlFilter.php(120): CAccessControlFilter->accessDenied()
#2 /home/ztw/domains/lazy1.pl/public_html/framework/web/filters/CFilter.php(39): CAccessControlFilter->preFilter()
#3 /home/ztw/domains/lazy1.pl/public_html/framework/web/CController.php(1146): CAccessControlFilter->filter()
#4 /home/ztw/domains/lazy1.pl/public_html/framework/web/filters/CInlineFilter.php(59): PracownikController->filterAccessControl()
#5 /home/ztw/domains/lazy1.pl/public_html/framework/web/filters/CFilterChain.php(131): CInlineFilter->filter()
#6 /home/ztw/domains/lazy1.pl/public_html/framework/web/CController.php(292): CFilterChain->run()
#7 /home/ztw/domains/lazy1.pl/public_html/framework/web/CController.php(266): PracownikController->runActionWithFilters()
#8 /home/ztw/domains/lazy1.pl/public_html/framework/web/CWebApplication.php(276): PracownikController->run()
#9 /home/ztw/domains/lazy1.pl/public_html/framework/web/CWebApplication.php(135): CWebApplication->runController()
#10 /home/ztw/domains/lazy1.pl/public_html/framework/base/CApplication.php(162): CWebApplication->processRequest()
#11 /home/ztw/domains/lazy1.pl/public_html/kino/index.php(13): CWebApplication->run()
REQUEST_URI=/kino/index.php?r=pracownik/admin
in /home/ztw/domains/lazy1.pl/public_html/kino/index.php (13)
2012/03/21 14:49:42 [error] [php] Cannot modify header information - headers already sent by (output started at /home/ztw/domains/lazy1.pl/public_html/kino/protected/controllers/PracownikController.php:1) (/home/ztw/domains/lazy1.pl/public_html/framework/web/CHttpRequest.php:716)
Stack trace:
#0 /home/ztw/domains/lazy1.pl/public_html/framework/web/auth/CAccessControlFilter.php(155): CWebUser->loginRequired()
#1 /home/ztw/domains/lazy1.pl/public_html/framework/web/auth/CAccessControlFilter.php(120): CAccessControlFilter->accessDenied()
#2 /home/ztw/domains/lazy1.pl/public_html/framework/web/filters/CFilter.php(39): CAccessControlFilter->preFilter()
#3 /home/ztw/domains/lazy1.pl/public_html/framework/web/CController.php(1146): CAccessControlFilter->filter()
#4 /home/ztw/domains/lazy1.pl/public_html/framework/web/filters/CInlineFilter.php(59): PracownikController->filterAccessControl()
#5 /home/ztw/domains/lazy1.pl/public_html/framework/web/filters/CFilterChain.php(131): CInlineFilter->filter()
#6 /home/ztw/domains/lazy1.pl/public_html/framework/web/CController.php(292): CFilterChain->run()
#7 /home/ztw/domains/lazy1.pl/public_html/framework/web/CController.php(266): PracownikController->runActionWithFilters()
#8 /home/ztw/domains/lazy1.pl/public_html/framework/web/CWebApplication.php(276): PracownikController->run()
#9 /home/ztw/domains/lazy1.pl/public_html/framework/web/CWebApplication.php(135): CWebApplication->runController()
#10 /home/ztw/domains/lazy1.pl/public_html/framework/base/CApplication.php(162): CWebApplication->processRequest()
#11 /home/ztw/domains/lazy1.pl/public_html/kino/index.php(13): CWebApplication->run()
REQUEST_URI=/kino/index.php?r=pracownik/admin
in /home/ztw/domains/lazy1.pl/public_html/kino/index.php (13)
2012/03/21 14:49:42 [error] [php] Cannot modify header information - headers already sent by (output started at /home/ztw/domains/lazy1.pl/public_html/kino/protected/controllers/PracownikController.php:1) (/home/ztw/domains/lazy1.pl/public_html/framework/web/CHttpRequest.php:716)
Stack trace:
#0 /home/ztw/domains/lazy1.pl/public_html/framework/web/auth/CAccessControlFilter.php(155): CWebUser->loginRequired()
#1 /home/ztw/domains/lazy1.pl/public_html/framework/web/auth/CAccessControlFilter.php(120): CAccessControlFilter->accessDenied()
#2 /home/ztw/domains/lazy1.pl/public_html/framework/web/filters/CFilter.php(39): CAccessControlFilter->preFilter()
#3 /home/ztw/domains/lazy1.pl/public_html/framework/web/CController.php(1146): CAccessControlFilter->filter()
#4 /home/ztw/domains/lazy1.pl/public_html/framework/web/filters/CInlineFilter.php(59): PracownikController->filterAccessControl()
#5 /home/ztw/domains/lazy1.pl/public_html/framework/web/filters/CFilterChain.php(131): CInlineFilter->filter()
#6 /home/ztw/domains/lazy1.pl/public_html/framework/web/CController.php(292): CFilterChain->run()
#7 /home/ztw/domains/lazy1.pl/public_html/framework/web/CController.php(266): PracownikController->runActionWithFilters()
#8 /home/ztw/domains/lazy1.pl/public_html/framework/web/CWebApplication.php(276): PracownikController->run()
#9 /home/ztw/domains/lazy1.pl/public_html/framework/web/CWebApplication.php(135): CWebApplication->runController()
#10 /home/ztw/domains/lazy1.pl/public_html/framework/base/CApplication.php(162): CWebApplication->processRequest()
#11 /home/ztw/domains/lazy1.pl/public_html/kino/index.php(13): CWebApplication->run()
REQUEST_URI=/kino/index.php?r=pracownik/admin
in /home/ztw/domains/lazy1.pl/public_html/kino/index.php (13)
2012/03/21 14:50:23 [error] [php] Cannot modify header information - headers already sent by (output started at /home/ztw/domains/lazy1.pl/public_html/kino/protected/controllers/WidzController.php:1) (/home/ztw/domains/lazy1.pl/public_html/framework/web/CHttpRequest.php:716)
Stack trace:
#0 /home/ztw/domains/lazy1.pl/public_html/framework/web/auth/CAccessControlFilter.php(155): CWebUser->loginRequired()
#1 /home/ztw/domains/lazy1.pl/public_html/framework/web/auth/CAccessControlFilter.php(120): CAccessControlFilter->accessDenied()
#2 /home/ztw/domains/lazy1.pl/public_html/framework/web/filters/CFilter.php(39): CAccessControlFilter->preFilter()
#3 /home/ztw/domains/lazy1.pl/public_html/framework/web/CController.php(1146): CAccessControlFilter->filter()
#4 /home/ztw/domains/lazy1.pl/public_html/framework/web/filters/CInlineFilter.php(59): WidzController->filterAccessControl()
#5 /home/ztw/domains/lazy1.pl/public_html/framework/web/filters/CFilterChain.php(131): CInlineFilter->filter()
#6 /home/ztw/domains/lazy1.pl/public_html/framework/web/CController.php(292): CFilterChain->run()
#7 /home/ztw/domains/lazy1.pl/public_html/framework/web/CController.php(266): WidzController->runActionWithFilters()
#8 /home/ztw/domains/lazy1.pl/public_html/framework/web/CWebApplication.php(276): WidzController->run()
#9 /home/ztw/domains/lazy1.pl/public_html/framework/web/CWebApplication.php(135): CWebApplication->runController()
#10 /home/ztw/domains/lazy1.pl/public_html/framework/base/CApplication.php(162): CWebApplication->processRequest()
#11 /home/ztw/domains/lazy1.pl/public_html/kino/index.php(13): CWebApplication->run()
REQUEST_URI=/kino/index.php?r=widz/admin
in /home/ztw/domains/lazy1.pl/public_html/kino/index.php (13)
2012/03/21 14:50:29 [error] [php] Cannot modify header information - headers already sent by (output started at /home/ztw/domains/lazy1.pl/public_html/kino/protected/controllers/PracownikController.php:1) (/home/ztw/domains/lazy1.pl/public_html/framework/web/CHttpRequest.php:716)
Stack trace:
#0 /home/ztw/domains/lazy1.pl/public_html/framework/web/auth/CAccessControlFilter.php(155): CWebUser->loginRequired()
#1 /home/ztw/domains/lazy1.pl/public_html/framework/web/auth/CAccessControlFilter.php(120): CAccessControlFilter->accessDenied()
#2 /home/ztw/domains/lazy1.pl/public_html/framework/web/filters/CFilter.php(39): CAccessControlFilter->preFilter()
#3 /home/ztw/domains/lazy1.pl/public_html/framework/web/CController.php(1146): CAccessControlFilter->filter()
#4 /home/ztw/domains/lazy1.pl/public_html/framework/web/filters/CInlineFilter.php(59): PracownikController->filterAccessControl()
#5 /home/ztw/domains/lazy1.pl/public_html/framework/web/filters/CFilterChain.php(131): CInlineFilter->filter()
#6 /home/ztw/domains/lazy1.pl/public_html/framework/web/CController.php(292): CFilterChain->run()
#7 /home/ztw/domains/lazy1.pl/public_html/framework/web/CController.php(266): PracownikController->runActionWithFilters()
#8 /home/ztw/domains/lazy1.pl/public_html/framework/web/CWebApplication.php(276): PracownikController->run()
#9 /home/ztw/domains/lazy1.pl/public_html/framework/web/CWebApplication.php(135): CWebApplication->runController()
#10 /home/ztw/domains/lazy1.pl/public_html/framework/base/CApplication.php(162): CWebApplication->processRequest()
#11 /home/ztw/domains/lazy1.pl/public_html/kino/index.php(13): CWebApplication->run()
REQUEST_URI=/kino/index.php?r=pracownik/admin
in /home/ztw/domains/lazy1.pl/public_html/kino/index.php (13)
2012/03/21 14:54:07 [error] [system.db.CDbCommand] CDbCommand::fetchAll() failed: SQLSTATE[42S02]: Base table or view not found: 1146 Table 'ztw_kino.tbl_user' doesn't exist. The SQL statement executed was: SHOW COLUMNS FROM `tbl_user`.
in /home/ztw/domains/lazy1.pl/public_html/kino/index.php (13)
2012/03/21 14:54:07 [error] [exception.CDbException] exception 'CDbException' with message 'The table "tbl_user" for active record class "User" cannot be found in the database.' in /home/ztw/domains/lazy1.pl/public_html/framework/db/ar/CActiveRecord.php:2264
Stack trace:
#0 /home/ztw/domains/lazy1.pl/public_html/framework/db/ar/CActiveRecord.php(379): CActiveRecordMetaData->__construct(Object(User))
#1 /home/ztw/domains/lazy1.pl/public_html/framework/gii/generators/crud/CrudCode.php(66): CActiveRecord::model('User')
#2 /home/ztw/domains/lazy1.pl/public_html/framework/validators/CInlineValidator.php(43): CrudCode->validateModel('model', Array)
#3 /home/ztw/domains/lazy1.pl/public_html/framework/validators/CValidator.php(197): CInlineValidator->validateAttribute(Object(CrudCode), 'model')
#4 /home/ztw/domains/lazy1.pl/public_html/framework/base/CModel.php(158): CValidator->validate(Object(CrudCode), NULL)
#5 /home/ztw/domains/lazy1.pl/public_html/framework/gii/CCodeGenerator.php(158): CModel->validate()
#6 /home/ztw/domains/lazy1.pl/public_html/framework/gii/CCodeGenerator.php(64): CCodeGenerator->prepare()
#7 /home/ztw/domains/lazy1.pl/public_html/framework/web/actions/CInlineAction.php(50): CCodeGenerator->actionIndex()
#8 /home/ztw/domains/lazy1.pl/public_html/framework/web/CController.php(309): CInlineAction->runWithParams(Array)
#9 /home/ztw/domains/lazy1.pl/public_html/framework/web/CController.php(287): CController->runAction(Object(CInlineAction))
#10 /home/ztw/domains/lazy1.pl/public_html/framework/web/CController.php(266): CController->runActionWithFilters(Object(CInlineAction), Array)
#11 /home/ztw/domains/lazy1.pl/public_html/framework/web/CWebApplication.php(276): CController->run('')
#12 /home/ztw/domains/lazy1.pl/public_html/framework/web/CWebApplication.php(135): CWebApplication->runController('gii/crud')
#13 /home/ztw/domains/lazy1.pl/public_html/framework/base/CApplication.php(162): CWebApplication->processRequest()
#14 /home/ztw/domains/lazy1.pl/public_html/kino/index.php(13): CApplication->run()
#15 {main}
REQUEST_URI=/kino/index.php?r=gii/crud
HTTP_REFERER=http://www.lazy1.pl/kino/index.php?r=gii/crud
---
